<?xml version="1.0" encoding="UTF-8"?>
<testsuite xmlns:xsi="http://www.w3.org/2001/XMLSchema-instance" xsi:noNamespaceSchemaLocation="https://maven.apache.org/surefire/maven-surefire-plugin/xsd/surefire-test-report.xsd" version="3.0.2" name="dev.danvega.beehiiv.post.PostServiceTest$EdgeCasesTests" time="0.762" tests="5" errors="0" skipped="0" failures="0">
  <properties>
[...]
</properties>
  <testcase name="shouldHandleNegativeLimitValues" classname="dev.danvega.beehiiv.post.PostServiceTest$EdgeCasesTests" time="0.336">
    <system-out><![CDATA[22:44:23.451 [main] INFO org.springframework.test.context.support.AnnotationConfigContextLoaderUtils -- Could not detect default configuration classes for test class [dev.danvega.beehiiv.post.PostServiceTest]: PostServiceTest does not declare any static, non-private, non-final, nested classes annotated with @Configuration.
22:44:23.494 [main] INFO org.springframework.boot.test.context.SpringBootTestContextBootstrapper -- Found @SpringBootConfiguration dev.danvega.beehiiv.Application for test class dev.danvega.beehiiv.post.PostServiceTest
22:44:23.522 [main] INFO org.springframework.test.context.support.AnnotationConfigContextLoaderUtils -- Could not detect default configuration classes for test class [dev.danvega.beehiiv.post.PostServiceTest$EdgeCasesTests]: EdgeCasesTests does not declare any static, non-private, non-final, nested classes annotated with @Configuration.
22:44:23.523 [main] INFO org.springframework.boot.test.context.SpringBootTestContextBootstrapper -- Found @SpringBootConfiguration dev.danvega.beehiiv.Application for test class dev.danvega.beehiiv.post.PostServiceTest$EdgeCasesTests
22:44:23.614 [main] INFO  d.d.beehiiv.post.PostServiceTest - Starting PostServiceTest using Java 24 with PID 68484 (started by vega in /Users/vega/dev/mcp/beehiiv-mcp-server)
22:44:23.614 [main] DEBUG d.d.beehiiv.post.PostServiceTest - Running with Spring Boot v3.4.4, Spring v6.2.5
22:44:23.615 [main] INFO  d.d.beehiiv.post.PostServiceTest - The following 1 profile is active: "test"
22:44:23.774 [main] INFO  d.d.beehiiv.core.RestClientConfig - Configuring Beehiiv RestClient with API key: test...2345
22:44:23.825 [main] INFO  d.danvega.beehiiv.post.PostService - Initializing PostService with default publication ID: pub_test123
22:44:23.826 [main] INFO  d.d.b.publication.PublicationService - Initializing PublicationService with default publication ID: pub_test123
22:44:23.827 [main] INFO  d.d.b.s.CustomFieldService - Initializing CustomFieldService with default publication ID: pub_test123
22:44:23.840 [main] INFO  d.d.b.s.SubscriptionService - Initializing SubscriptionService with default publication ID: pub_test123
22:44:23.927 [main] INFO  d.d.beehiiv.post.PostServiceTest - Started PostServiceTest in 0.392 seconds (process running for 0.728)
22:44:24.265 [main] INFO  d.danvega.beehiiv.post.PostService - Initializing PostService with default publication ID: pub_test123
]]></system-out>
    <system-err><![CDATA[Mockito is currently self-attaching to enable the inline-mock-maker. This will no longer work in future releases of the JDK. Please add Mockito as an agent to your build what is described in Mockito's documentation: https://javadoc.io/doc/org.mockito/mockito-core/latest/org/mockito/Mockito.html#0.3
WARNING: A Java agent has been loaded dynamically (/Users/vega/.m2/repository/net/bytebuddy/byte-buddy-agent/1.15.11/byte-buddy-agent-1.15.11.jar)
WARNING: If a serviceability tool is in use, please run with -XX:+EnableDynamicAgentLoading to hide this warning
WARNING: If a serviceability tool is not in use, please run with -Djdk.instrument.traceUsage for more information
WARNING: Dynamic loading of agents will be disallowed by default in a future release
]]></system-err>
  </testcase>
  <testcase name="shouldHandleZeroLimitValue" classname="dev.danvega.beehiiv.post.PostServiceTest$EdgeCasesTests" time="0.001">
    <system-out><![CDATA[22:44:24.271 [main] INFO  d.danvega.beehiiv.post.PostService - Initializing PostService with default publication ID: pub_test123
]]></system-out>
  </testcase>
  <testcase name="shouldHandleSpecialCharactersInContentTags" classname="dev.danvega.beehiiv.post.PostServiceTest$EdgeCasesTests" time="0.005">
    <system-out><![CDATA[22:44:24.272 [main] INFO  d.danvega.beehiiv.post.PostService - Initializing PostService with default publication ID: pub_test123
22:44:24.273 [main] INFO  d.danvega.beehiiv.post.PostService - Making request to Beehiiv API: /publications/pub_test123/posts?order_by=publish_date&direction=desc&content_tags=tag-with-dashes&content_tags=tag_with_underscores&content_tags=tag with spaces&content_tags=tag@email
22:44:24.275 [main] ERROR d.danvega.beehiiv.post.PostService - Unexpected error calling Beehiiv API: /publications/pub_test123/posts?order_by=publish_date&direction=desc&content_tags=tag-with-dashes&content_tags=tag_with_underscores&content_tags=tag with spaces&content_tags=tag@email
java.lang.NullPointerException: Cannot invoke "org.springframework.web.client.RestClient$RequestHeadersUriSpec.uri(String, Object[])" because the return value of "org.springframework.web.client.RestClient.get()" is null
	at dev.danvega.beehiiv.post.PostService.getAllPosts(PostService.java:56)
	at dev.danvega.beehiiv.post.PostServiceTest$EdgeCasesTests.lambda$shouldHandleSpecialCharactersInContentTags$0(PostServiceTest.java:258)
	at org.junit.jupiter.api.AssertDoesNotThrow.assertDoesNotThrow(AssertDoesNotThrow.java:49)
	at org.junit.jupiter.api.AssertDoesNotThrow.assertDoesNotThrow(AssertDoesNotThrow.java:36)
	at org.junit.jupiter.api.Assertions.assertDoesNotThrow(Assertions.java:3199)
	at dev.danvega.beehiiv.post.PostServiceTest$EdgeCasesTests.shouldHandleSpecialCharactersInContentTags(PostServiceTest.java:256)
	at java.base/jdk.internal.reflect.DirectMethodHandleAccessor.invoke(DirectMethodHandleAccessor.java:104)
	at java.base/java.lang.reflect.Method.invoke(Method.java:565)
	at org.junit.platform.commons.util.ReflectionUtils.invokeMethod(ReflectionUtils.java:767)
	at org.junit.jupiter.engine.execution.MethodInvocation.proceed(MethodInvocation.java:60)
	at org.junit.jupiter.engine.execution.InvocationInterceptorChain$ValidatingInvocation.proceed(InvocationInterceptorChain.java:131)
	at org.junit.jupiter.engine.extension.TimeoutExtension.intercept(TimeoutExtension.java:156)
	at org.junit.jupiter.engine.extension.TimeoutExtension.interceptTestableMethod(TimeoutExtension.java:147)
	at org.junit.jupiter.engine.extension.TimeoutExtension.interceptTestMethod(TimeoutExtension.java:86)
	at org.junit.jupiter.engine.execution.InterceptingExecutableInvoker$ReflectiveInterceptorCall.lambda$ofVoidMethod$0(InterceptingExecutableInvoker.java:103)
	at org.junit.jupiter.engine.execution.InterceptingExecutableInvoker.lambda$invoke$0(InterceptingExecutableInvoker.java:93)
	at org.junit.jupiter.engine.execution.InvocationInterceptorChain$InterceptedInvocation.proceed(InvocationInterceptorChain.java:106)
	at org.junit.jupiter.engine.execution.InvocationInterceptorChain.proceed(InvocationInterceptorChain.java:64)
	at org.junit.jupiter.engine.execution.InvocationInterceptorChain.chainAndInvoke(InvocationInterceptorChain.java:45)
	at org.junit.jupiter.engine.execution.InvocationInterceptorChain.invoke(InvocationInterceptorChain.java:37)
	at org.junit.jupiter.engine.execution.InterceptingExecutableInvoker.invoke(InterceptingExecutableInvoker.java:92)
	at org.junit.jupiter.engine.execution.InterceptingExecutableInvoker.invoke(InterceptingExecutableInvoker.java:86)
	at org.junit.jupiter.engine.descriptor.TestMethodTestDescriptor.lambda$invokeTestMethod$8(TestMethodTestDescriptor.java:217)
	at org.junit.platform.engine.support.hierarchical.ThrowableCollector.execute(ThrowableCollector.java:73)
	at org.junit.jupiter.engine.descriptor.TestMethodTestDescriptor.invokeTestMethod(TestMethodTestDescriptor.java:213)
	at org.junit.jupiter.engine.descriptor.TestMethodTestDescriptor.execute(TestMethodTestDescriptor.java:138)
	at org.junit.jupiter.engine.descriptor.TestMethodTestDescriptor.execute(TestMethodTestDescriptor.java:68)
	at org.junit.platform.engine.support.hierarchical.NodeTestTask.lambda$executeRecursively$6(NodeTestTask.java:156)
	at org.junit.platform.engine.support.hierarchical.ThrowableCollector.execute(ThrowableCollector.java:73)
	at org.junit.platform.engine.support.hierarchical.NodeTestTask.lambda$executeRecursively$8(NodeTestTask.java:146)
	at org.junit.platform.engine.support.hierarchical.Node.around(Node.java:137)
	at org.junit.platform.engine.support.hierarchical.NodeTestTask.lambda$executeRecursively$9(NodeTestTask.java:144)
	at org.junit.platform.engine.support.hierarchical.ThrowableCollector.execute(ThrowableCollector.java:73)
	at org.junit.platform.engine.support.hierarchical.NodeTestTask.executeRecursively(NodeTestTask.java:143)
	at org.junit.platform.engine.support.hierarchical.NodeTestTask.execute(NodeTestTask.java:100)
	at java.base/java.util.ArrayList.forEach(ArrayList.java:1604)
	at org.junit.platform.engine.support.hierarchical.SameThreadHierarchicalTestExecutorService.invokeAll(SameThreadHierarchicalTestExecutorService.java:41)
	at org.junit.platform.engine.support.hierarchical.NodeTestTask.lambda$executeRecursively$6(NodeTestTask.java:160)
	at org.junit.platform.engine.support.hierarchical.ThrowableCollector.execute(ThrowableCollector.java:73)
	at org.junit.platform.engine.support.hierarchical.NodeTestTask.lambda$executeRecursively$8(NodeTestTask.java:146)
	at org.junit.platform.engine.support.hierarchical.Node.around(Node.java:137)
	at org.junit.platform.engine.support.hierarchical.NodeTestTask.lambda$executeRecursively$9(NodeTestTask.java:144)
	at org.junit.platform.engine.support.hierarchical.ThrowableCollector.execute(ThrowableCollector.java:73)
	at org.junit.platform.engine.support.hierarchical.NodeTestTask.executeRecursively(NodeTestTask.java:143)
	at org.junit.platform.engine.support.hierarchical.NodeTestTask.execute(NodeTestTask.java:100)
	at java.base/java.util.ArrayList.forEach(ArrayList.java:1604)
	at org.junit.platform.engine.support.hierarchical.SameThreadHierarchicalTestExecutorService.invokeAll(SameThreadHierarchicalTestExecutorService.java:41)
	at org.junit.platform.engine.support.hierarchical.NodeTestTask.lambda$executeRecursively$6(NodeTestTask.java:160)
	at org.junit.platform.engine.support.hierarchical.ThrowableCollector.execute(ThrowableCollector.java:73)
	at org.junit.platform.engine.support.hierarchical.NodeTestTask.lambda$executeRecursively$8(NodeTestTask.java:146)
	at org.junit.platform.engine.support.hierarchical.Node.around(Node.java:137)
	at org.junit.platform.engine.support.hierarchical.NodeTestTask.lambda$executeRecursively$9(NodeTestTask.java:144)
	at org.junit.platform.engine.support.hierarchical.ThrowableCollector.execute(ThrowableCollector.java:73)
	at org.junit.platform.engine.support.hierarchical.NodeTestTask.executeRecursively(NodeTestTask.java:143)
	at org.junit.platform.engine.support.hierarchical.NodeTestTask.execute(NodeTestTask.java:100)
	at java.base/java.util.ArrayList.forEach(ArrayList.java:1604)
	at org.junit.platform.engine.support.hierarchical.SameThreadHierarchicalTestExecutorService.invokeAll(SameThreadHierarchicalTestExecutorService.java:41)
	at org.junit.platform.engine.support.hierarchical.NodeTestTask.lambda$executeRecursively$6(NodeTestTask.java:160)
	at org.junit.platform.engine.support.hierarchical.ThrowableCollector.execute(ThrowableCollector.java:73)
	at org.junit.platform.engine.support.hierarchical.NodeTestTask.lambda$executeRecursively$8(NodeTestTask.java:146)
	at org.junit.platform.engine.support.hierarchical.Node.around(Node.java:137)
	at org.junit.platform.engine.support.hierarchical.NodeTestTask.lambda$executeRecursively$9(NodeTestTask.java:144)
	at org.junit.platform.engine.support.hierarchical.ThrowableCollector.execute(ThrowableCollector.java:73)
	at org.junit.platform.engine.support.hierarchical.NodeTestTask.executeRecursively(NodeTestTask.java:143)
	at org.junit.platform.engine.support.hierarchical.NodeTestTask.execute(NodeTestTask.java:100)
	at org.junit.platform.engine.support.hierarchical.SameThreadHierarchicalTestExecutorService.submit(SameThreadHierarchicalTestExecutorService.java:35)
	at org.junit.platform.engine.support.hierarchical.HierarchicalTestExecutor.execute(HierarchicalTestExecutor.java:57)
	at org.junit.platform.engine.support.hierarchical.HierarchicalTestEngine.execute(HierarchicalTestEngine.java:54)
	at org.junit.platform.launcher.core.EngineExecutionOrchestrator.execute(EngineExecutionOrchestrator.java:198)
	at org.junit.platform.launcher.core.EngineExecutionOrchestrator.execute(EngineExecutionOrchestrator.java:169)
	at org.junit.platform.launcher.core.EngineExecutionOrchestrator.execute(EngineExecutionOrchestrator.java:93)
	at org.junit.platform.launcher.core.EngineExecutionOrchestrator.lambda$execute$0(EngineExecutionOrchestrator.java:58)
	at org.junit.platform.launcher.core.EngineExecutionOrchestrator.withInterceptedStreams(EngineExecutionOrchestrator.java:141)
	at org.junit.platform.launcher.core.EngineExecutionOrchestrator.execute(EngineExecutionOrchestrator.java:57)
	at org.junit.platform.launcher.core.DefaultLauncher.execute(DefaultLauncher.java:103)
	at org.junit.platform.launcher.core.DefaultLauncher.execute(DefaultLauncher.java:85)
	at org.junit.platform.launcher.core.DelegatingLauncher.execute(DelegatingLauncher.java:47)
	at org.apache.maven.surefire.junitplatform.LazyLauncher.execute(LazyLauncher.java:56)
	at org.apache.maven.surefire.junitplatform.JUnitPlatformProvider.execute(JUnitPlatformProvider.java:184)
	at org.apache.maven.surefire.junitplatform.JUnitPlatformProvider.invokeAllTests(JUnitPlatformProvider.java:148)
	at org.apache.maven.surefire.junitplatform.JUnitPlatformProvider.invoke(JUnitPlatformProvider.java:122)
	at org.apache.maven.surefire.booter.ForkedBooter.runSuitesInProcess(ForkedBooter.java:385)
	at org.apache.maven.surefire.booter.ForkedBooter.execute(ForkedBooter.java:162)
	at org.apache.maven.surefire.booter.ForkedBooter.run(ForkedBooter.java:507)
	at org.apache.maven.surefire.booter.ForkedBooter.main(ForkedBooter.java:495)
]]></system-out>
  </testcase>
  <testcase name="shouldHandleVeryLongContentTags" classname="dev.danvega.beehiiv.post.PostServiceTest$EdgeCasesTests" time="0.002">
    <system-out><![CDATA[22:44:24.278 [main] INFO  d.danvega.beehiiv.post.PostService - Initializing PostService with default publication ID: pub_test123
22:44:24.278 [main] INFO  d.danvega.beehiiv.post.PostService - Making request to Beehiiv API: /publications/pub_test123/posts?order_by=publish_date&direction=desc&content_tags=tag0&content_tags=tag1&content_tags=tag2&content_tags=tag3&content_tags=tag4&content_tags=tag5&content_tags=tag6&content_tags=tag7&content_tags=tag8&content_tags=tag9&content_tags=tag10&content_tags=tag11&content_tags=tag12&content_tags=tag13&content_tags=tag14&content_tags=tag15&content_tags=tag16&content_tags=tag17&content_tags=tag18&content_tags=tag19&content_tags=tag20&content_tags=tag21&content_tags=tag22&content_tags=tag23&content_tags=tag24&content_tags=tag25&content_tags=tag26&content_tags=tag27&content_tags=tag28&content_tags=tag29&content_tags=tag30&content_tags=tag31&content_tags=tag32&content_tags=tag33&content_tags=tag34&content_tags=tag35&content_tags=tag36&content_tags=tag37&content_tags=tag38&content_tags=tag39&content_tags=tag40&content_tags=tag41&content_tags=tag42&content_tags=tag43&content_tags=tag44&content_tags=tag45&content_tags=tag46&content_tags=tag47&content_tags=tag48&content_tags=tag49&content_tags=tag50&content_tags=tag51&content_tags=tag52&content_tags=tag53&content_tags=tag54&content_tags=tag55&content_tags=tag56&content_tags=tag57&content_tags=tag58&content_tags=tag59&content_tags=tag60&content_tags=tag61&content_tags=tag62&content_tags=tag63&content_tags=tag64&content_tags=tag65&content_tags=tag66&content_tags=tag67&content_tags=tag68&content_tags=tag69&content_tags=tag70&content_tags=tag71&content_tags=tag72&content_tags=tag73&content_tags=tag74&content_tags=tag75&content_tags=tag76&content_tags=tag77&content_tags=tag78&content_tags=tag79&content_tags=tag80&content_tags=tag81&content_tags=tag82&content_tags=tag83&content_tags=tag84&content_tags=tag85&content_tags=tag86&content_tags=tag87&content_tags=tag88&content_tags=tag89&content_tags=tag90&content_tags=tag91&content_tags=tag92&content_tags=tag93&content_tags=tag94&content_tags=tag95&content_tags=tag96&content_tags=tag97&content_tags=tag98&content_tags=tag99
22:44:24.279 [main] ERROR d.danvega.beehiiv.post.PostService - Unexpected error calling Beehiiv API: /publications/pub_test123/posts?order_by=publish_date&direction=desc&content_tags=tag0&content_tags=tag1&content_tags=tag2&content_tags=tag3&content_tags=tag4&content_tags=tag5&content_tags=tag6&content_tags=tag7&content_tags=tag8&content_tags=tag9&content_tags=tag10&content_tags=tag11&content_tags=tag12&content_tags=tag13&content_tags=tag14&content_tags=tag15&content_tags=tag16&content_tags=tag17&content_tags=tag18&content_tags=tag19&content_tags=tag20&content_tags=tag21&content_tags=tag22&content_tags=tag23&content_tags=tag24&content_tags=tag25&content_tags=tag26&content_tags=tag27&content_tags=tag28&content_tags=tag29&content_tags=tag30&content_tags=tag31&content_tags=tag32&content_tags=tag33&content_tags=tag34&content_tags=tag35&content_tags=tag36&content_tags=tag37&content_tags=tag38&content_tags=tag39&content_tags=tag40&content_tags=tag41&content_tags=tag42&content_tags=tag43&content_tags=tag44&content_tags=tag45&content_tags=tag46&content_tags=tag47&content_tags=tag48&content_tags=tag49&content_tags=tag50&content_tags=tag51&content_tags=tag52&content_tags=tag53&content_tags=tag54&content_tags=tag55&content_tags=tag56&content_tags=tag57&content_tags=tag58&content_tags=tag59&content_tags=tag60&content_tags=tag61&content_tags=tag62&content_tags=tag63&content_tags=tag64&content_tags=tag65&content_tags=tag66&content_tags=tag67&content_tags=tag68&content_tags=tag69&content_tags=tag70&content_tags=tag71&content_tags=tag72&content_tags=tag73&content_tags=tag74&content_tags=tag75&content_tags=tag76&content_tags=tag77&content_tags=tag78&content_tags=tag79&content_tags=tag80&content_tags=tag81&content_tags=tag82&content_tags=tag83&content_tags=tag84&content_tags=tag85&content_tags=tag86&content_tags=tag87&content_tags=tag88&content_tags=tag89&content_tags=tag90&content_tags=tag91&content_tags=tag92&content_tags=tag93&content_tags=tag94&content_tags=tag95&content_tags=tag96&content_tags=tag97&content_tags=tag98&content_tags=tag99
java.lang.NullPointerException: Cannot invoke "org.springframework.web.client.RestClient$RequestHeadersUriSpec.uri(String, Object[])" because the return value of "org.springframework.web.client.RestClient.get()" is null
	at dev.danvega.beehiiv.post.PostService.getAllPosts(PostService.java:56)
	at dev.danvega.beehiiv.post.PostServiceTest$EdgeCasesTests.lambda$shouldHandleVeryLongContentTags$0(PostServiceTest.java:244)
	at org.junit.jupiter.api.AssertDoesNotThrow.assertDoesNotThrow(AssertDoesNotThrow.java:49)
	at org.junit.jupiter.api.AssertDoesNotThrow.assertDoesNotThrow(AssertDoesNotThrow.java:36)
	at org.junit.jupiter.api.Assertions.assertDoesNotThrow(Assertions.java:3199)
	at dev.danvega.beehiiv.post.PostServiceTest$EdgeCasesTests.shouldHandleVeryLongContentTags(PostServiceTest.java:242)
	at java.base/jdk.internal.reflect.DirectMethodHandleAccessor.invoke(DirectMethodHandleAccessor.java:104)
	at java.base/java.lang.reflect.Method.invoke(Method.java:565)
	at org.junit.platform.commons.util.ReflectionUtils.invokeMethod(ReflectionUtils.java:767)
	at org.junit.jupiter.engine.execution.MethodInvocation.proceed(MethodInvocation.java:60)
	at org.junit.jupiter.engine.execution.InvocationInterceptorChain$ValidatingInvocation.proceed(InvocationInterceptorChain.java:131)
	at org.junit.jupiter.engine.extension.TimeoutExtension.intercept(TimeoutExtension.java:156)
	at org.junit.jupiter.engine.extension.TimeoutExtension.interceptTestableMethod(TimeoutExtension.java:147)
	at org.junit.jupiter.engine.extension.TimeoutExtension.interceptTestMethod(TimeoutExtension.java:86)
	at org.junit.jupiter.engine.execution.InterceptingExecutableInvoker$ReflectiveInterceptorCall.lambda$ofVoidMethod$0(InterceptingExecutableInvoker.java:103)
	at org.junit.jupiter.engine.execution.InterceptingExecutableInvoker.lambda$invoke$0(InterceptingExecutableInvoker.java:93)
	at org.junit.jupiter.engine.execution.InvocationInterceptorChain$InterceptedInvocation.proceed(InvocationInterceptorChain.java:106)
	at org.junit.jupiter.engine.execution.InvocationInterceptorChain.proceed(InvocationInterceptorChain.java:64)
	at org.junit.jupiter.engine.execution.InvocationInterceptorChain.chainAndInvoke(InvocationInterceptorChain.java:45)
	at org.junit.jupiter.engine.execution.InvocationInterceptorChain.invoke(InvocationInterceptorChain.java:37)
	at org.junit.jupiter.engine.execution.InterceptingExecutableInvoker.invoke(InterceptingExecutableInvoker.java:92)
	at org.junit.jupiter.engine.execution.InterceptingExecutableInvoker.invoke(InterceptingExecutableInvoker.java:86)
	at org.junit.jupiter.engine.descriptor.TestMethodTestDescriptor.lambda$invokeTestMethod$8(TestMethodTestDescriptor.java:217)
	at org.junit.platform.engine.support.hierarchical.ThrowableCollector.execute(ThrowableCollector.java:73)
	at org.junit.jupiter.engine.descriptor.TestMethodTestDescriptor.invokeTestMethod(TestMethodTestDescriptor.java:213)
	at org.junit.jupiter.engine.descriptor.TestMethodTestDescriptor.execute(TestMethodTestDescriptor.java:138)
	at org.junit.jupiter.engine.descriptor.TestMethodTestDescriptor.execute(TestMethodTestDescriptor.java:68)
	at org.junit.platform.engine.support.hierarchical.NodeTestTask.lambda$executeRecursively$6(NodeTestTask.java:156)
	at org.junit.platform.engine.support.hierarchical.ThrowableCollector.execute(ThrowableCollector.java:73)
	at org.junit.platform.engine.support.hierarchical.NodeTestTask.lambda$executeRecursively$8(NodeTestTask.java:146)
	at org.junit.platform.engine.support.hierarchical.Node.around(Node.java:137)
	at org.junit.platform.engine.support.hierarchical.NodeTestTask.lambda$executeRecursively$9(NodeTestTask.java:144)
	at org.junit.platform.engine.support.hierarchical.ThrowableCollector.execute(ThrowableCollector.java:73)
	at org.junit.platform.engine.support.hierarchical.NodeTestTask.executeRecursively(NodeTestTask.java:143)
	at org.junit.platform.engine.support.hierarchical.NodeTestTask.execute(NodeTestTask.java:100)
	at java.base/java.util.ArrayList.forEach(ArrayList.java:1604)
	at org.junit.platform.engine.support.hierarchical.SameThreadHierarchicalTestExecutorService.invokeAll(SameThreadHierarchicalTestExecutorService.java:41)
	at org.junit.platform.engine.support.hierarchical.NodeTestTask.lambda$executeRecursively$6(NodeTestTask.java:160)
	at org.junit.platform.engine.support.hierarchical.ThrowableCollector.execute(ThrowableCollector.java:73)
	at org.junit.platform.engine.support.hierarchical.NodeTestTask.lambda$executeRecursively$8(NodeTestTask.java:146)
	at org.junit.platform.engine.support.hierarchical.Node.around(Node.java:137)
	at org.junit.platform.engine.support.hierarchical.NodeTestTask.lambda$executeRecursively$9(NodeTestTask.java:144)
	at org.junit.platform.engine.support.hierarchical.ThrowableCollector.execute(ThrowableCollector.java:73)
	at org.junit.platform.engine.support.hierarchical.NodeTestTask.executeRecursively(NodeTestTask.java:143)
	at org.junit.platform.engine.support.hierarchical.NodeTestTask.execute(NodeTestTask.java:100)
	at java.base/java.util.ArrayList.forEach(ArrayList.java:1604)
	at org.junit.platform.engine.support.hierarchical.SameThreadHierarchicalTestExecutorService.invokeAll(SameThreadHierarchicalTestExecutorService.java:41)
	at org.junit.platform.engine.support.hierarchical.NodeTestTask.lambda$executeRecursively$6(NodeTestTask.java:160)
	at org.junit.platform.engine.support.hierarchical.ThrowableCollector.execute(ThrowableCollector.java:73)
	at org.junit.platform.engine.support.hierarchical.NodeTestTask.lambda$executeRecursively$8(NodeTestTask.java:146)
	at org.junit.platform.engine.support.hierarchical.Node.around(Node.java:137)
	at org.junit.platform.engine.support.hierarchical.NodeTestTask.lambda$executeRecursively$9(NodeTestTask.java:144)
	at org.junit.platform.engine.support.hierarchical.ThrowableCollector.execute(ThrowableCollector.java:73)
	at org.junit.platform.engine.support.hierarchical.NodeTestTask.executeRecursively(NodeTestTask.java:143)
	at org.junit.platform.engine.support.hierarchical.NodeTestTask.execute(NodeTestTask.java:100)
	at java.base/java.util.ArrayList.forEach(ArrayList.java:1604)
	at org.junit.platform.engine.support.hierarchical.SameThreadHierarchicalTestExecutorService.invokeAll(SameThreadHierarchicalTestExecutorService.java:41)
	at org.junit.platform.engine.support.hierarchical.NodeTestTask.lambda$executeRecursively$6(NodeTestTask.java:160)
	at org.junit.platform.engine.support.hierarchical.ThrowableCollector.execute(ThrowableCollector.java:73)
	at org.junit.platform.engine.support.hierarchical.NodeTestTask.lambda$executeRecursively$8(NodeTestTask.java:146)
	at org.junit.platform.engine.support.hierarchical.Node.around(Node.java:137)
	at org.junit.platform.engine.support.hierarchical.NodeTestTask.lambda$executeRecursively$9(NodeTestTask.java:144)
	at org.junit.platform.engine.support.hierarchical.ThrowableCollector.execute(ThrowableCollector.java:73)
	at org.junit.platform.engine.support.hierarchical.NodeTestTask.executeRecursively(NodeTestTask.java:143)
	at org.junit.platform.engine.support.hierarchical.NodeTestTask.execute(NodeTestTask.java:100)
	at org.junit.platform.engine.support.hierarchical.SameThreadHierarchicalTestExecutorService.submit(SameThreadHierarchicalTestExecutorService.java:35)
	at org.junit.platform.engine.support.hierarchical.HierarchicalTestExecutor.execute(HierarchicalTestExecutor.java:57)
	at org.junit.platform.engine.support.hierarchical.HierarchicalTestEngine.execute(HierarchicalTestEngine.java:54)
	at org.junit.platform.launcher.core.EngineExecutionOrchestrator.execute(EngineExecutionOrchestrator.java:198)
	at org.junit.platform.launcher.core.EngineExecutionOrchestrator.execute(EngineExecutionOrchestrator.java:169)
	at org.junit.platform.launcher.core.EngineExecutionOrchestrator.execute(EngineExecutionOrchestrator.java:93)
	at org.junit.platform.launcher.core.EngineExecutionOrchestrator.lambda$execute$0(EngineExecutionOrchestrator.java:58)
	at org.junit.platform.launcher.core.EngineExecutionOrchestrator.withInterceptedStreams(EngineExecutionOrchestrator.java:141)
	at org.junit.platform.launcher.core.EngineExecutionOrchestrator.execute(EngineExecutionOrchestrator.java:57)
	at org.junit.platform.launcher.core.DefaultLauncher.execute(DefaultLauncher.java:103)
	at org.junit.platform.launcher.core.DefaultLauncher.execute(DefaultLauncher.java:85)
	at org.junit.platform.launcher.core.DelegatingLauncher.execute(DelegatingLauncher.java:47)
	at org.apache.maven.surefire.junitplatform.LazyLauncher.execute(LazyLauncher.java:56)
	at org.apache.maven.surefire.junitplatform.JUnitPlatformProvider.execute(JUnitPlatformProvider.java:184)
	at org.apache.maven.surefire.junitplatform.JUnitPlatformProvider.invokeAllTests(JUnitPlatformProvider.java:148)
	at org.apache.maven.surefire.junitplatform.JUnitPlatformProvider.invoke(JUnitPlatformProvider.java:122)
	at org.apache.maven.surefire.booter.ForkedBooter.runSuitesInProcess(ForkedBooter.java:385)
	at org.apache.maven.surefire.booter.ForkedBooter.execute(ForkedBooter.java:162)
	at org.apache.maven.surefire.booter.ForkedBooter.run(ForkedBooter.java:507)
	at org.apache.maven.surefire.booter.ForkedBooter.main(ForkedBooter.java:495)
]]></system-out>
  </testcase>
  <testcase name="shouldHandleVeryLargeLimitValues" classname="dev.danvega.beehiiv.post.PostServiceTest$EdgeCasesTests" time="0.002">
    <system-out><![CDATA[22:44:24.281 [main] INFO  d.danvega.beehiiv.post.PostService - Initializing PostService with default publication ID: pub_test123
]]></system-out>
  </testcase>
</testsuite>